Start testing: Dec 04 10:28 UTC
----------------------------------------------------------
1/3 Testing: tests_dmell_vars
1/3 Test: tests_dmell_vars
Command: "/home/runner/work/dmell/dmell/build-tests/tests/tests_dmell_vars"
Directory: /home/runner/work/dmell/dmell/build-tests/tests
"tests_dmell_vars" start time: Dec 04 10:28 UTC
Output:
----------------------------------------------------------
[==========] Running 28 tests from 2 test suites.
[----------] Global test environment set-up.
[----------] 18 tests from DmellVarsTest
[ RUN      ] DmellVarsTest.AddSingleVariable
[       OK ] DmellVarsTest.AddSingleVariable (0 ms)
[ RUN      ] DmellVarsTest.AddMultipleVariables
[       OK ] DmellVarsTest.AddMultipleVariables (0 ms)
[ RUN      ] DmellVarsTest.AddVariableNullName
[31;1m[ERROR] Invalid arguments to dmell_add_variable: (nil), 0x55d4d300d226
[0m[       OK ] DmellVarsTest.AddVariableNullName (0 ms)
[ RUN      ] DmellVarsTest.AddVariableNullValue
[31;1m[ERROR] Invalid arguments to dmell_add_variable: 0x55d4d300d22c, (nil)
[0m[       OK ] DmellVarsTest.AddVariableNullValue (0 ms)
[ RUN      ] DmellVarsTest.FindExistingVariable
[       OK ] DmellVarsTest.FindExistingVariable (0 ms)
[ RUN      ] DmellVarsTest.FindFirstVariable
[       OK ] DmellVarsTest.FindFirstVariable (0 ms)
[ RUN      ] DmellVarsTest.FindLastVariable
[       OK ] DmellVarsTest.FindLastVariable (0 ms)
[ RUN      ] DmellVarsTest.FindNonExistingVariable
[       OK ] DmellVarsTest.FindNonExistingVariable (0 ms)
[ RUN      ] DmellVarsTest.RemoveMiddleVariable
[       OK ] DmellVarsTest.RemoveMiddleVariable (0 ms)
[ RUN      ] DmellVarsTest.RemoveFirstVariable
[       OK ] DmellVarsTest.RemoveFirstVariable (0 ms)
[ RUN      ] DmellVarsTest.RemoveLastVariable
[       OK ] DmellVarsTest.RemoveLastVariable (0 ms)
[ RUN      ] DmellVarsTest.RemoveOnlyVariable
[       OK ] DmellVarsTest.RemoveOnlyVariable (0 ms)
[ RUN      ] DmellVarsTest.RemoveNonExistingVariable
[       OK ] DmellVarsTest.RemoveNonExistingVariable (0 ms)
[ RUN      ] DmellVarsTest.SetExistingVariable
[       OK ] DmellVarsTest.SetExistingVariable (0 ms)
[ RUN      ] DmellVarsTest.SetNewVariable
[       OK ] DmellVarsTest.SetNewVariable (0 ms)
[ RUN      ] DmellVarsTest.GetVariableValue
[       OK ] DmellVarsTest.GetVariableValue (0 ms)
[ RUN      ] DmellVarsTest.GetNonExistingVariableValue
[       OK ] DmellVarsTest.GetNonExistingVariableValue (0 ms)
[ RUN      ] DmellVarsTest.AddArgvVariables
[       OK ] DmellVarsTest.AddArgvVariables (0 ms)
[----------] 18 tests from DmellVarsTest (0 ms total)

[----------] 10 tests from DmellVarsExpandTest
[ RUN      ] DmellVarsExpandTest.ExpandSimpleVariable
[       OK ] DmellVarsExpandTest.ExpandSimpleVariable (0 ms)
[ RUN      ] DmellVarsExpandTest.ExpandVariableWithBraces
[       OK ] DmellVarsExpandTest.ExpandVariableWithBraces (0 ms)
[ RUN      ] DmellVarsExpandTest.ExpandMultipleVariables
[       OK ] DmellVarsExpandTest.ExpandMultipleVariables (0 ms)
[ RUN      ] DmellVarsExpandTest.ExpandNonExistingVariable
[       OK ] DmellVarsExpandTest.ExpandNonExistingVariable (0 ms)
[ RUN      ] DmellVarsExpandTest.ExpandNoVariables
[       OK ] DmellVarsExpandTest.ExpandNoVariables (0 ms)
[ RUN      ] DmellVarsExpandTest.ExpandCalculateBufferSize
[       OK ] DmellVarsExpandTest.ExpandCalculateBufferSize (0 ms)
[ RUN      ] DmellVarsExpandTest.ExpandNullString
[31;1m[ERROR] Invalid argument to dmell_expand_variables: (nil)
[0m[       OK ] DmellVarsExpandTest.ExpandNullString (0 ms)
[ RUN      ] DmellVarsExpandTest.ExpandDoubleDollar
[       OK ] DmellVarsExpandTest.ExpandDoubleDollar (0 ms)
[ RUN      ] DmellVarsExpandTest.ExpandVariableWithUnderscore
[       OK ] DmellVarsExpandTest.ExpandVariableWithUnderscore (0 ms)
[ RUN      ] DmellVarsExpandTest.ExpandVariableWithNumbers
[       OK ] DmellVarsExpandTest.ExpandVariableWithNumbers (0 ms)
[----------] 10 tests from DmellVarsExpandTest (0 ms total)

[----------] Global test environment tear-down
[==========] 28 tests from 2 test suites ran. (0 ms total)
[  PASSED  ] 28 tests.
<end of output>
Test time =   0.00 sec
----------------------------------------------------------
Test Passed.
"tests_dmell_vars" end time: Dec 04 10:28 UTC
"tests_dmell_vars" time elapsed: 00:00:00
----------------------------------------------------------

2/3 Testing: tests_dmell_cmd
2/3 Test: tests_dmell_cmd
Command: "/home/runner/work/dmell/dmell/build-tests/tests/tests_dmell_cmd"
Directory: /home/runner/work/dmell/dmell/build-tests/tests
"tests_dmell_cmd" start time: Dec 04 10:28 UTC
Output:
----------------------------------------------------------
[==========] Running 30 tests from 3 test suites.
[----------] Global test environment set-up.
[----------] 16 tests from DmellCmdTest
[ RUN      ] DmellCmdTest.RegisterCommand
[       OK ] DmellCmdTest.RegisterCommand (0 ms)
[ RUN      ] DmellCmdTest.RegisterCommandHandler
[       OK ] DmellCmdTest.RegisterCommandHandler (0 ms)
[ RUN      ] DmellCmdTest.RegisterNullCommand
[31;1m[ERROR] Invalid command structure passed to dmell_register_command: (nil)
[0m[       OK ] DmellCmdTest.RegisterNullCommand (0 ms)
[ RUN      ] DmellCmdTest.RegisterCommandNullName
[31;1m[ERROR] Invalid command structure passed to dmell_register_command: 0x7ffdeecb5550
[0m[       OK ] DmellCmdTest.RegisterCommandNullName (0 ms)
[ RUN      ] DmellCmdTest.RegisterCommandNullHandler
[31;1m[ERROR] Invalid command structure passed to dmell_register_command: 0x7ffdeecb5550
[0m[       OK ] DmellCmdTest.RegisterCommandNullHandler (0 ms)
[ RUN      ] DmellCmdTest.FindRegisteredCommand
[       OK ] DmellCmdTest.FindRegisteredCommand (0 ms)
[ RUN      ] DmellCmdTest.FindNonExistingCommand
[       OK ] DmellCmdTest.FindNonExistingCommand (0 ms)
[ RUN      ] DmellCmdTest.FindCommandNullName
[31;1m[ERROR] Invalid command name passed to dmell_find_command: (nil)
[0m[       OK ] DmellCmdTest.FindCommandNullName (0 ms)
[ RUN      ] DmellCmdTest.UnregisterCommand
[       OK ] DmellCmdTest.UnregisterCommand (0 ms)
[ RUN      ] DmellCmdTest.UnregisterNullCommand
[31;1m[ERROR] Invalid command structure passed to dmell_unregister_command: (nil)
[0m[       OK ] DmellCmdTest.UnregisterNullCommand (0 ms)
[ RUN      ] DmellCmdTest.RunRegisteredCommand
[       OK ] DmellCmdTest.RunRegisteredCommand (0 ms)
[ RUN      ] DmellCmdTest.RunNonExistingCommandNoDefault
[31;1m[ERROR] Command not found and no default handler set in dmell_run_command: nonexistent
[0m[       OK ] DmellCmdTest.RunNonExistingCommandNoDefault (0 ms)
[ RUN      ] DmellCmdTest.RunNonExistingCommandWithDefault
[       OK ] DmellCmdTest.RunNonExistingCommandWithDefault (0 ms)
[ RUN      ] DmellCmdTest.RunCommandNullName
[31;1m[ERROR] Invalid command name passed to dmell_run_command: (nil)
[0m[       OK ] DmellCmdTest.RunCommandNullName (0 ms)
[ RUN      ] DmellCmdTest.SetDefaultHandler
[       OK ] DmellCmdTest.SetDefaultHandler (0 ms)
[ RUN      ] DmellCmdTest.RegisterMultipleCommands
[       OK ] DmellCmdTest.RegisterMultipleCommands (0 ms)
[----------] 16 tests from DmellCmdTest (0 ms total)

[----------] 11 tests from DmellCmdParseTest
[ RUN      ] DmellCmdParseTest.ParseSimpleCommand
[       OK ] DmellCmdParseTest.ParseSimpleCommand (0 ms)
[ RUN      ] DmellCmdParseTest.ParseMultipleArguments
[       OK ] DmellCmdParseTest.ParseMultipleArguments (0 ms)
[ RUN      ] DmellCmdParseTest.ParseWithLeadingWhitespace
[       OK ] DmellCmdParseTest.ParseWithLeadingWhitespace (0 ms)
[ RUN      ] DmellCmdParseTest.ParseWithExtraWhitespace
[       OK ] DmellCmdParseTest.ParseWithExtraWhitespace (0 ms)
[ RUN      ] DmellCmdParseTest.ParseDoubleQuotedArgument
[       OK ] DmellCmdParseTest.ParseDoubleQuotedArgument (0 ms)
[ RUN      ] DmellCmdParseTest.ParseSingleQuotedArgument
[       OK ] DmellCmdParseTest.ParseSingleQuotedArgument (0 ms)
[ RUN      ] DmellCmdParseTest.ParseNullCommand
[31;1m[ERROR] Invalid arguments to dmell_parse_command: (nil), 0x5631c39de630, 0
[0m[       OK ] DmellCmdParseTest.ParseNullCommand (0 ms)
[ RUN      ] DmellCmdParseTest.ParseEmptyCommand
[31;1m[ERROR] Invalid arguments to dmell_parse_command: 0x56319e064018, 0x5631c39de630, 0
[0m[       OK ] DmellCmdParseTest.ParseEmptyCommand (0 ms)
[ RUN      ] DmellCmdParseTest.ParseNullOutput
[31;1m[ERROR] Invalid arguments to dmell_parse_command: 0x56319e0641e2, (nil), 10
[0m[       OK ] DmellCmdParseTest.ParseNullOutput (0 ms)
[ RUN      ] DmellCmdParseTest.ParseSingleCommand
[       OK ] DmellCmdParseTest.ParseSingleCommand (0 ms)
[ RUN      ] DmellCmdParseTest.ProgramNameSet
[       OK ] DmellCmdParseTest.ProgramNameSet (0 ms)
[----------] 11 tests from DmellCmdParseTest (0 ms total)

[----------] 3 tests from DmellCmdRunStringTest
[ RUN      ] DmellCmdRunStringTest.RunSimpleCommandString
[       OK ] DmellCmdRunStringTest.RunSimpleCommandString (0 ms)
[ RUN      ] DmellCmdRunStringTest.RunNullCommandString
[31;1m[ERROR] Invalid arguments to dmell_run_command_string: (nil), 0
[0m[       OK ] DmellCmdRunStringTest.RunNullCommandString (0 ms)
[ RUN      ] DmellCmdRunStringTest.RunEmptyCommandString
[31;1m[ERROR] Invalid arguments to dmell_run_command_string: 0x56319e064018, 0
[0m[       OK ] DmellCmdRunStringTest.RunEmptyCommandString (0 ms)
[----------] 3 tests from DmellCmdRunStringTest (0 ms total)

[----------] Global test environment tear-down
[==========] 30 tests from 3 test suites ran. (0 ms total)
[  PASSED  ] 30 tests.
<end of output>
Test time =   0.00 sec
----------------------------------------------------------
Test Passed.
"tests_dmell_cmd" end time: Dec 04 10:28 UTC
"tests_dmell_cmd" time elapsed: 00:00:00
----------------------------------------------------------

3/3 Testing: tests_dmell_line
3/3 Test: tests_dmell_line
Command: "/home/runner/work/dmell/dmell/build-tests/tests/tests_dmell_line"
Directory: /home/runner/work/dmell/dmell/build-tests/tests
"tests_dmell_line" start time: Dec 04 10:28 UTC
Output:
----------------------------------------------------------
[==========] Running 17 tests from 2 test suites.
[----------] Global test environment set-up.
[----------] 12 tests from DmellLineTest
[ RUN      ] DmellLineTest.RunSimpleLine
[       OK ] DmellLineTest.RunSimpleLine (0 ms)
[ RUN      ] DmellLineTest.RunNullLine
[31;1m[ERROR] Invalid arguments to dmell_run_line: (nil), 0
[0m[       OK ] DmellLineTest.RunNullLine (0 ms)
[ RUN      ] DmellLineTest.RunEmptyLine
[31;1m[ERROR] Invalid arguments to dmell_run_line: 0x55a9a8f62018, 0
[0m[       OK ] DmellLineTest.RunEmptyLine (0 ms)
[ RUN      ] DmellLineTest.RunSequenceSeparator
[       OK ] DmellLineTest.RunSequenceSeparator (0 ms)
[ RUN      ] DmellLineTest.RunNewlineSeparator
[       OK ] DmellLineTest.RunNewlineSeparator (0 ms)
[ RUN      ] DmellLineTest.AndSeparatorBothSuccess
[       OK ] DmellLineTest.AndSeparatorBothSuccess (0 ms)
[ RUN      ] DmellLineTest.AndSeparatorFirstFails
[       OK ] DmellLineTest.AndSeparatorFirstFails (0 ms)
[ RUN      ] DmellLineTest.OrSeparatorFirstSuccess
[       OK ] DmellLineTest.OrSeparatorFirstSuccess (0 ms)
[ RUN      ] DmellLineTest.OrSeparatorFirstFails
[       OK ] DmellLineTest.OrSeparatorFirstFails (0 ms)
[ RUN      ] DmellLineTest.MultipleSequenceCommands
[       OK ] DmellLineTest.MultipleSequenceCommands (0 ms)
[ RUN      ] DmellLineTest.SequenceIgnoresPreviousFailure
[       OK ] DmellLineTest.SequenceIgnoresPreviousFailure (0 ms)
[ RUN      ] DmellLineTest.ComplexCombinedSeparators
[       OK ] DmellLineTest.ComplexCombinedSeparators (0 ms)
[----------] 12 tests from DmellLineTest (0 ms total)

[----------] 5 tests from DmellArgsLineTest
[ RUN      ] DmellArgsLineTest.RunArgsLine
[       OK ] DmellArgsLineTest.RunArgsLine (0 ms)
[ RUN      ] DmellArgsLineTest.RunArgsLineNullArgv
[31;1m[ERROR] Invalid arguments to dmell_run_args_line: 1, (nil)
[0m[       OK ] DmellArgsLineTest.RunArgsLineNullArgv (0 ms)
[ RUN      ] DmellArgsLineTest.RunArgsLineZeroArgc
[31;1m[ERROR] Invalid arguments to dmell_run_args_line: 0, 0x7ffe54e254d0
[0m[       OK ] DmellArgsLineTest.RunArgsLineZeroArgc (0 ms)
[ RUN      ] DmellArgsLineTest.RunArgsLineNegativeArgc
[31;1m[ERROR] Invalid arguments to dmell_run_args_line: -1, 0x7ffe54e254d0
[0m[       OK ] DmellArgsLineTest.RunArgsLineNegativeArgc (0 ms)
[ RUN      ] DmellArgsLineTest.RunArgsLineWithSeparators
[       OK ] DmellArgsLineTest.RunArgsLineWithSeparators (0 ms)
[----------] 5 tests from DmellArgsLineTest (0 ms total)

[----------] Global test environment tear-down
[==========] 17 tests from 2 test suites ran. (0 ms total)
[  PASSED  ] 17 tests.
<end of output>
Test time =   0.00 sec
----------------------------------------------------------
Test Passed.
"tests_dmell_line" end time: Dec 04 10:28 UTC
"tests_dmell_line" time elapsed: 00:00:00
----------------------------------------------------------

End testing: Dec 04 10:28 UTC
